-------------------------------------------------------------------------------
Test set: StepDefinition.Runner
-------------------------------------------------------------------------------
Tests run: 1, Failures: 0, Errors: 1, Skipped: 0, Time elapsed: 0.026 s <<< FAILURE! - in StepDefinition.Runner
StepDefinition.Runner  Time elapsed: 0.004 s  <<< ERROR!
io.cucumber.core.exception.CucumberException: java.lang.NoClassDefFoundError: Could not initialize class com.aventstack.extentreports.service.ExtentService$ExtentReportsLoader
Caused by: java.lang.NoClassDefFoundError: Could not initialize class com.aventstack.extentreports.service.ExtentService$ExtentReportsLoader

