-------------------------------------------------------------------------------
Test set: StepDefinition.Runner
-------------------------------------------------------------------------------
Tests run: 1, Failures: 0, Errors: 1, Skipped: 0, Time elapsed: 0.034 s <<< FAILURE! - in StepDefinition.Runner
StepDefinition.Runner  Time elapsed: 0.005 s  <<< ERROR!
io.cucumber.core.exception.CucumberException: java.lang.NoClassDefFoundError: com/aventstack/extentreports/reporter/ReporterConfigurable
Caused by: java.lang.NoClassDefFoundError: com/aventstack/extentreports/reporter/ReporterConfigurable
Caused by: java.lang.ClassNotFoundException: com.aventstack.extentreports.reporter.ReporterConfigurable

